TimeQuest Timing Analyzer report for licznik7943
Fri Dec 16 00:17:57 2016
Quartus II 64-Bit Version 13.0.1 Build 232 06/12/2013 Service Pack 1 SJ Web Edition


---------------------
; Table of Contents ;
---------------------
  1. Legal Notice
  2. TimeQuest Timing Analyzer Summary
  3. Parallel Compilation
  4. Clocks
  5. Slow Model Fmax Summary
  6. Slow Model Setup Summary
  7. Slow Model Hold Summary
  8. Slow Model Recovery Summary
  9. Slow Model Removal Summary
 10. Slow Model Minimum Pulse Width Summary
 11. Slow Model Setup: '7493:inst|16'
 12. Slow Model Setup: '7493:inst1|16'
 13. Slow Model Setup: 'KEY[0]'
 14. Slow Model Hold: 'KEY[0]'
 15. Slow Model Hold: '7493:inst|16'
 16. Slow Model Hold: '7493:inst1|16'
 17. Slow Model Recovery: '7493:inst|16'
 18. Slow Model Recovery: '7493:inst1|16'
 19. Slow Model Recovery: 'KEY[0]'
 20. Slow Model Removal: 'KEY[0]'
 21. Slow Model Removal: '7493:inst1|16'
 22. Slow Model Removal: '7493:inst|16'
 23. Slow Model Minimum Pulse Width: 'KEY[0]'
 24. Slow Model Minimum Pulse Width: '7493:inst|16'
 25. Slow Model Minimum Pulse Width: '7493:inst1|16'
 26. Clock to Output Times
 27. Minimum Clock to Output Times
 28. Fast Model Setup Summary
 29. Fast Model Hold Summary
 30. Fast Model Recovery Summary
 31. Fast Model Removal Summary
 32. Fast Model Minimum Pulse Width Summary
 33. Fast Model Setup: '7493:inst|16'
 34. Fast Model Setup: '7493:inst1|16'
 35. Fast Model Setup: 'KEY[0]'
 36. Fast Model Hold: 'KEY[0]'
 37. Fast Model Hold: '7493:inst|16'
 38. Fast Model Hold: '7493:inst1|16'
 39. Fast Model Recovery: '7493:inst|16'
 40. Fast Model Recovery: '7493:inst1|16'
 41. Fast Model Recovery: 'KEY[0]'
 42. Fast Model Removal: 'KEY[0]'
 43. Fast Model Removal: '7493:inst1|16'
 44. Fast Model Removal: '7493:inst|16'
 45. Fast Model Minimum Pulse Width: 'KEY[0]'
 46. Fast Model Minimum Pulse Width: '7493:inst|16'
 47. Fast Model Minimum Pulse Width: '7493:inst1|16'
 48. Clock to Output Times
 49. Minimum Clock to Output Times
 50. Multicorner Timing Analysis Summary
 51. Clock to Output Times
 52. Minimum Clock to Output Times
 53. Setup Transfers
 54. Hold Transfers
 55. Recovery Transfers
 56. Removal Transfers
 57. Report TCCS
 58. Report RSKM
 59. Unconstrained Paths
 60. TimeQuest Timing Analyzer Messages



----------------
; Legal Notice ;
----------------
Copyright (C) 1991-2013 Altera Corporation
Your use of Altera Corporation's design tools, logic functions 
and other software and tools, and its AMPP partner logic 
functions, and any output files from any of the foregoing 
(including device programming or simulation files), and any 
associated documentation or information are expressly subject 
to the terms and conditions of the Altera Program License 
Subscription Agreement, Altera MegaCore Function License 
Agreement, or other applicable license agreement, including, 
without limitation, that your use is for the sole purpose of 
programming logic devices manufactured by Altera and sold by 
Altera or its authorized distributors.  Please refer to the 
applicable agreement for further details.



+----------------------------------------------------------------------------------------+
; TimeQuest Timing Analyzer Summary                                                      ;
+--------------------+-------------------------------------------------------------------+
; Quartus II Version ; Version 13.0.1 Build 232 06/12/2013 Service Pack 1 SJ Web Edition ;
; Revision Name      ; licznik7943                                                       ;
; Device Family      ; Cyclone II                                                        ;
; Device Name        ; EP2C70F896C6                                                      ;
; Timing Models      ; Final                                                             ;
; Delay Model        ; Combined                                                          ;
; Rise/Fall Delays   ; Unavailable                                                       ;
+--------------------+-------------------------------------------------------------------+


Parallel compilation was disabled, but you have multiple processors available. Enable parallel compilation to reduce compilation time.
+-------------------------------------+
; Parallel Compilation                ;
+----------------------------+--------+
; Processors                 ; Number ;
+----------------------------+--------+
; Number detected on machine ; 4      ;
; Maximum allowed            ; 1      ;
+----------------------------+--------+


+----------------------------------------------------------------------------------------------------------------------------------------------------------------------------------------------+
; Clocks                                                                                                                                                                                       ;
+---------------+------+--------+------------+-------+-------+------------+-----------+-------------+-------+--------+-----------+------------+----------+--------+--------+-------------------+
; Clock Name    ; Type ; Period ; Frequency  ; Rise  ; Fall  ; Duty Cycle ; Divide by ; Multiply by ; Phase ; Offset ; Edge List ; Edge Shift ; Inverted ; Master ; Source ; Targets           ;
+---------------+------+--------+------------+-------+-------+------------+-----------+-------------+-------+--------+-----------+------------+----------+--------+--------+-------------------+
; 7493:inst1|16 ; Base ; 1.000  ; 1000.0 MHz ; 0.000 ; 0.500 ;            ;           ;             ;       ;        ;           ;            ;          ;        ;        ; { 7493:inst1|16 } ;
; 7493:inst|16  ; Base ; 1.000  ; 1000.0 MHz ; 0.000 ; 0.500 ;            ;           ;             ;       ;        ;           ;            ;          ;        ;        ; { 7493:inst|16 }  ;
; KEY[0]        ; Base ; 1.000  ; 1000.0 MHz ; 0.000 ; 0.500 ;            ;           ;             ;       ;        ;           ;            ;          ;        ;        ; { KEY[0] }        ;
+---------------+------+--------+------------+-------+-------+------------+-----------+-------------+-------+--------+-----------+------------+----------+--------+--------+-------------------+


+------------------------------------------------------------------------------------------------------+
; Slow Model Fmax Summary                                                                              ;
+-------------+-----------------+---------------+------------------------------------------------------+
; Fmax        ; Restricted Fmax ; Clock Name    ; Note                                                 ;
+-------------+-----------------+---------------+------------------------------------------------------+
; 964.32 MHz  ; 500.0 MHz       ; 7493:inst|16  ; limit due to low minimum pulse width violation (tcl) ;
; 1307.19 MHz ; 500.0 MHz       ; 7493:inst1|16 ; limit due to low minimum pulse width violation (tcl) ;
+-------------+-----------------+---------------+------------------------------------------------------+
This panel reports FMAX for every clock in the design, regardless of the user-specified clock periods.  FMAX is only computed for paths where the source and destination registers or ports are driven by the same clock.  Paths of different clocks, including generated clocks, are ignored.  For paths between a clock and its inversion, FMAX is computed as if the rising and falling edges are scaled along with FMAX, such that the duty cycle (in terms of a percentage) is maintained. Altera recommends that you always use clock constraints and other slack reports for sign-off analysis.


+----------------------------------------+
; Slow Model Setup Summary               ;
+---------------+--------+---------------+
; Clock         ; Slack  ; End Point TNS ;
+---------------+--------+---------------+
; 7493:inst|16  ; -0.037 ; -0.037        ;
; 7493:inst1|16 ; 0.235  ; 0.000         ;
; KEY[0]        ; 5.827  ; 0.000         ;
+---------------+--------+---------------+


+----------------------------------------+
; Slow Model Hold Summary                ;
+---------------+--------+---------------+
; Clock         ; Slack  ; End Point TNS ;
+---------------+--------+---------------+
; KEY[0]        ; -5.557 ; -5.557        ;
; 7493:inst|16  ; -1.735 ; -1.735        ;
; 7493:inst1|16 ; 0.391  ; 0.000         ;
+---------------+--------+---------------+


+----------------------------------------+
; Slow Model Recovery Summary            ;
+---------------+--------+---------------+
; Clock         ; Slack  ; End Point TNS ;
+---------------+--------+---------------+
; 7493:inst|16  ; -4.005 ; -14.794       ;
; 7493:inst1|16 ; -0.924 ; -1.848        ;
; KEY[0]        ; 0.860  ; 0.000         ;
+---------------+--------+---------------+


+----------------------------------------+
; Slow Model Removal Summary             ;
+---------------+--------+---------------+
; Clock         ; Slack  ; End Point TNS ;
+---------------+--------+---------------+
; KEY[0]        ; -4.165 ; -4.165        ;
; 7493:inst1|16 ; -2.381 ; -4.762        ;
; 7493:inst|16  ; -0.526 ; -0.526        ;
+---------------+--------+---------------+


+----------------------------------------+
; Slow Model Minimum Pulse Width Summary ;
+---------------+--------+---------------+
; Clock         ; Slack  ; End Point TNS ;
+---------------+--------+---------------+
; KEY[0]        ; -1.222 ; -2.222        ;
; 7493:inst|16  ; -0.500 ; -4.000        ;
; 7493:inst1|16 ; -0.500 ; -2.000        ;
+---------------+--------+---------------+


+----------------------------------------------------------------------------------------------------------------+
; Slow Model Setup: '7493:inst|16'                                                                               ;
+--------+---------------+---------------+---------------+--------------+--------------+------------+------------+
; Slack  ; From Node     ; To Node       ; Launch Clock  ; Latch Clock  ; Relationship ; Clock Skew ; Data Delay ;
+--------+---------------+---------------+---------------+--------------+--------------+------------+------------+
; -0.037 ; 7493:inst|14  ; 7493:inst|13  ; 7493:inst|16  ; 7493:inst|16 ; 1.000        ; 0.000      ; 1.073      ;
; 0.231  ; 7493:inst|15  ; 7493:inst|14  ; 7493:inst|16  ; 7493:inst|16 ; 1.000        ; 0.000      ; 0.805      ;
; 0.234  ; 7493:inst|15  ; 7493:inst|13  ; 7493:inst|16  ; 7493:inst|16 ; 1.000        ; 0.000      ; 0.802      ;
; 0.379  ; 7493:inst|15  ; 7493:inst|15  ; 7493:inst|16  ; 7493:inst|16 ; 1.000        ; 0.000      ; 0.657      ;
; 0.379  ; 7493:inst|13  ; 7493:inst|13  ; 7493:inst|16  ; 7493:inst|16 ; 1.000        ; 0.000      ; 0.657      ;
; 0.379  ; 7493:inst|14  ; 7493:inst|14  ; 7493:inst|16  ; 7493:inst|16 ; 1.000        ; 0.000      ; 0.657      ;
; 2.005  ; 7493:inst1|16 ; 7493:inst1|16 ; 7493:inst1|16 ; 7493:inst|16 ; 0.500        ; 1.876      ; 0.657      ;
; 2.505  ; 7493:inst1|16 ; 7493:inst1|16 ; 7493:inst1|16 ; 7493:inst|16 ; 1.000        ; 1.876      ; 0.657      ;
+--------+---------------+---------------+---------------+--------------+--------------+------------+------------+


+----------------------------------------------------------------------------------------------------------------+
; Slow Model Setup: '7493:inst1|16'                                                                              ;
+-------+---------------+---------------+---------------+---------------+--------------+------------+------------+
; Slack ; From Node     ; To Node       ; Launch Clock  ; Latch Clock   ; Relationship ; Clock Skew ; Data Delay ;
+-------+---------------+---------------+---------------+---------------+--------------+------------+------------+
; 0.235 ; 7493:inst1|15 ; 7493:inst1|14 ; 7493:inst1|16 ; 7493:inst1|16 ; 1.000        ; 0.000      ; 0.801      ;
; 0.379 ; 7493:inst1|15 ; 7493:inst1|15 ; 7493:inst1|16 ; 7493:inst1|16 ; 1.000        ; 0.000      ; 0.657      ;
; 0.379 ; 7493:inst1|14 ; 7493:inst1|14 ; 7493:inst1|16 ; 7493:inst1|16 ; 1.000        ; 0.000      ; 0.657      ;
+-------+---------------+---------------+---------------+---------------+--------------+------------+------------+


+-----------------------------------------------------------------------------------------------------------+
; Slow Model Setup: 'KEY[0]'                                                                                ;
+-------+--------------+--------------+--------------+-------------+--------------+------------+------------+
; Slack ; From Node    ; To Node      ; Launch Clock ; Latch Clock ; Relationship ; Clock Skew ; Data Delay ;
+-------+--------------+--------------+--------------+-------------+--------------+------------+------------+
; 5.827 ; 7493:inst|16 ; 7493:inst|16 ; 7493:inst|16 ; KEY[0]      ; 0.500        ; 5.698      ; 0.657      ;
; 6.327 ; 7493:inst|16 ; 7493:inst|16 ; 7493:inst|16 ; KEY[0]      ; 1.000        ; 5.698      ; 0.657      ;
+-------+--------------+--------------+--------------+-------------+--------------+------------+------------+


+------------------------------------------------------------------------------------------------------------+
; Slow Model Hold: 'KEY[0]'                                                                                  ;
+--------+--------------+--------------+--------------+-------------+--------------+------------+------------+
; Slack  ; From Node    ; To Node      ; Launch Clock ; Latch Clock ; Relationship ; Clock Skew ; Data Delay ;
+--------+--------------+--------------+--------------+-------------+--------------+------------+------------+
; -5.557 ; 7493:inst|16 ; 7493:inst|16 ; 7493:inst|16 ; KEY[0]      ; 0.000        ; 5.698      ; 0.657      ;
; -5.057 ; 7493:inst|16 ; 7493:inst|16 ; 7493:inst|16 ; KEY[0]      ; -0.500       ; 5.698      ; 0.657      ;
+--------+--------------+--------------+--------------+-------------+--------------+------------+------------+


+----------------------------------------------------------------------------------------------------------------+
; Slow Model Hold: '7493:inst|16'                                                                                ;
+--------+---------------+---------------+---------------+--------------+--------------+------------+------------+
; Slack  ; From Node     ; To Node       ; Launch Clock  ; Latch Clock  ; Relationship ; Clock Skew ; Data Delay ;
+--------+---------------+---------------+---------------+--------------+--------------+------------+------------+
; -1.735 ; 7493:inst1|16 ; 7493:inst1|16 ; 7493:inst1|16 ; 7493:inst|16 ; 0.000        ; 1.876      ; 0.657      ;
; -1.235 ; 7493:inst1|16 ; 7493:inst1|16 ; 7493:inst1|16 ; 7493:inst|16 ; -0.500       ; 1.876      ; 0.657      ;
; 0.391  ; 7493:inst|13  ; 7493:inst|13  ; 7493:inst|16  ; 7493:inst|16 ; 0.000        ; 0.000      ; 0.657      ;
; 0.391  ; 7493:inst|14  ; 7493:inst|14  ; 7493:inst|16  ; 7493:inst|16 ; 0.000        ; 0.000      ; 0.657      ;
; 0.391  ; 7493:inst|15  ; 7493:inst|15  ; 7493:inst|16  ; 7493:inst|16 ; 0.000        ; 0.000      ; 0.657      ;
; 0.536  ; 7493:inst|15  ; 7493:inst|13  ; 7493:inst|16  ; 7493:inst|16 ; 0.000        ; 0.000      ; 0.802      ;
; 0.539  ; 7493:inst|15  ; 7493:inst|14  ; 7493:inst|16  ; 7493:inst|16 ; 0.000        ; 0.000      ; 0.805      ;
; 0.807  ; 7493:inst|14  ; 7493:inst|13  ; 7493:inst|16  ; 7493:inst|16 ; 0.000        ; 0.000      ; 1.073      ;
+--------+---------------+---------------+---------------+--------------+--------------+------------+------------+


+----------------------------------------------------------------------------------------------------------------+
; Slow Model Hold: '7493:inst1|16'                                                                               ;
+-------+---------------+---------------+---------------+---------------+--------------+------------+------------+
; Slack ; From Node     ; To Node       ; Launch Clock  ; Latch Clock   ; Relationship ; Clock Skew ; Data Delay ;
+-------+---------------+---------------+---------------+---------------+--------------+------------+------------+
; 0.391 ; 7493:inst1|15 ; 7493:inst1|15 ; 7493:inst1|16 ; 7493:inst1|16 ; 0.000        ; 0.000      ; 0.657      ;
; 0.391 ; 7493:inst1|14 ; 7493:inst1|14 ; 7493:inst1|16 ; 7493:inst1|16 ; 0.000        ; 0.000      ; 0.657      ;
; 0.535 ; 7493:inst1|15 ; 7493:inst1|14 ; 7493:inst1|16 ; 7493:inst1|16 ; 0.000        ; 0.000      ; 0.801      ;
+-------+---------------+---------------+---------------+---------------+--------------+------------+------------+


+----------------------------------------------------------------------------------------------------------------+
; Slow Model Recovery: '7493:inst|16'                                                                            ;
+--------+---------------+---------------+---------------+--------------+--------------+------------+------------+
; Slack  ; From Node     ; To Node       ; Launch Clock  ; Latch Clock  ; Relationship ; Clock Skew ; Data Delay ;
+--------+---------------+---------------+---------------+--------------+--------------+------------+------------+
; -4.005 ; 7493:inst1|15 ; 7493:inst|13  ; 7493:inst1|16 ; 7493:inst|16 ; 1.000        ; -2.898     ; 2.143      ;
; -4.005 ; 7493:inst1|15 ; 7493:inst|14  ; 7493:inst1|16 ; 7493:inst|16 ; 1.000        ; -2.898     ; 2.143      ;
; -4.005 ; 7493:inst1|15 ; 7493:inst|15  ; 7493:inst1|16 ; 7493:inst|16 ; 1.000        ; -2.898     ; 2.143      ;
; -3.879 ; 7493:inst1|14 ; 7493:inst|13  ; 7493:inst1|16 ; 7493:inst|16 ; 1.000        ; -2.898     ; 2.017      ;
; -3.879 ; 7493:inst1|14 ; 7493:inst|14  ; 7493:inst1|16 ; 7493:inst|16 ; 1.000        ; -2.898     ; 2.017      ;
; -3.879 ; 7493:inst1|14 ; 7493:inst|15  ; 7493:inst1|16 ; 7493:inst|16 ; 1.000        ; -2.898     ; 2.017      ;
; -2.779 ; 7493:inst1|15 ; 7493:inst1|16 ; 7493:inst1|16 ; 7493:inst|16 ; 1.000        ; -1.855     ; 1.960      ;
; -2.653 ; 7493:inst1|14 ; 7493:inst1|16 ; 7493:inst1|16 ; 7493:inst|16 ; 1.000        ; -1.855     ; 1.834      ;
; -1.568 ; 7493:inst|13  ; 7493:inst|13  ; 7493:inst|16  ; 7493:inst|16 ; 1.000        ; 0.000      ; 2.604      ;
; -1.568 ; 7493:inst|13  ; 7493:inst|14  ; 7493:inst|16  ; 7493:inst|16 ; 1.000        ; 0.000      ; 2.604      ;
; -1.568 ; 7493:inst|13  ; 7493:inst|15  ; 7493:inst|16  ; 7493:inst|16 ; 1.000        ; 0.000      ; 2.604      ;
; -0.430 ; 7493:inst|16  ; 7493:inst|13  ; 7493:inst|16  ; 7493:inst|16 ; 0.500        ; 0.833      ; 2.049      ;
; -0.430 ; 7493:inst|16  ; 7493:inst|14  ; 7493:inst|16  ; 7493:inst|16 ; 0.500        ; 0.833      ; 2.049      ;
; -0.430 ; 7493:inst|16  ; 7493:inst|15  ; 7493:inst|16  ; 7493:inst|16 ; 0.500        ; 0.833      ; 2.049      ;
; -0.342 ; 7493:inst|13  ; 7493:inst1|16 ; 7493:inst|16  ; 7493:inst|16 ; 1.000        ; 1.043      ; 2.421      ;
; 0.070  ; 7493:inst|16  ; 7493:inst|13  ; 7493:inst|16  ; 7493:inst|16 ; 1.000        ; 0.833      ; 2.049      ;
; 0.070  ; 7493:inst|16  ; 7493:inst|14  ; 7493:inst|16  ; 7493:inst|16 ; 1.000        ; 0.833      ; 2.049      ;
; 0.070  ; 7493:inst|16  ; 7493:inst|15  ; 7493:inst|16  ; 7493:inst|16 ; 1.000        ; 0.833      ; 2.049      ;
; 0.796  ; 7493:inst|16  ; 7493:inst1|16 ; 7493:inst|16  ; 7493:inst|16 ; 0.500        ; 1.876      ; 1.866      ;
; 1.296  ; 7493:inst|16  ; 7493:inst1|16 ; 7493:inst|16  ; 7493:inst|16 ; 1.000        ; 1.876      ; 1.866      ;
+--------+---------------+---------------+---------------+--------------+--------------+------------+------------+


+-----------------------------------------------------------------------------------------------------------------+
; Slow Model Recovery: '7493:inst1|16'                                                                            ;
+--------+---------------+---------------+---------------+---------------+--------------+------------+------------+
; Slack  ; From Node     ; To Node       ; Launch Clock  ; Latch Clock   ; Relationship ; Clock Skew ; Data Delay ;
+--------+---------------+---------------+---------------+---------------+--------------+------------+------------+
; -0.924 ; 7493:inst1|15 ; 7493:inst1|15 ; 7493:inst1|16 ; 7493:inst1|16 ; 1.000        ; 0.000      ; 1.960      ;
; -0.924 ; 7493:inst1|15 ; 7493:inst1|14 ; 7493:inst1|16 ; 7493:inst1|16 ; 1.000        ; 0.000      ; 1.960      ;
; -0.798 ; 7493:inst1|14 ; 7493:inst1|15 ; 7493:inst1|16 ; 7493:inst1|16 ; 1.000        ; 0.000      ; 1.834      ;
; -0.798 ; 7493:inst1|14 ; 7493:inst1|14 ; 7493:inst1|16 ; 7493:inst1|16 ; 1.000        ; 0.000      ; 1.834      ;
; 1.513  ; 7493:inst|13  ; 7493:inst1|15 ; 7493:inst|16  ; 7493:inst1|16 ; 1.000        ; 2.898      ; 2.421      ;
; 1.513  ; 7493:inst|13  ; 7493:inst1|14 ; 7493:inst|16  ; 7493:inst1|16 ; 1.000        ; 2.898      ; 2.421      ;
; 2.651  ; 7493:inst|16  ; 7493:inst1|15 ; 7493:inst|16  ; 7493:inst1|16 ; 0.500        ; 3.731      ; 1.866      ;
; 2.651  ; 7493:inst|16  ; 7493:inst1|14 ; 7493:inst|16  ; 7493:inst1|16 ; 0.500        ; 3.731      ; 1.866      ;
; 3.151  ; 7493:inst|16  ; 7493:inst1|15 ; 7493:inst|16  ; 7493:inst1|16 ; 1.000        ; 3.731      ; 1.866      ;
; 3.151  ; 7493:inst|16  ; 7493:inst1|14 ; 7493:inst|16  ; 7493:inst1|16 ; 1.000        ; 3.731      ; 1.866      ;
+--------+---------------+---------------+---------------+---------------+--------------+------------+------------+


+-------------------------------------------------------------------------------------------------------------+
; Slow Model Recovery: 'KEY[0]'                                                                               ;
+-------+---------------+--------------+---------------+-------------+--------------+------------+------------+
; Slack ; From Node     ; To Node      ; Launch Clock  ; Latch Clock ; Relationship ; Clock Skew ; Data Delay ;
+-------+---------------+--------------+---------------+-------------+--------------+------------+------------+
; 0.860 ; 7493:inst1|15 ; 7493:inst|16 ; 7493:inst1|16 ; KEY[0]      ; 1.000        ; 1.967      ; 2.143      ;
; 0.986 ; 7493:inst1|14 ; 7493:inst|16 ; 7493:inst1|16 ; KEY[0]      ; 1.000        ; 1.967      ; 2.017      ;
; 3.297 ; 7493:inst|13  ; 7493:inst|16 ; 7493:inst|16  ; KEY[0]      ; 1.000        ; 4.865      ; 2.604      ;
; 4.435 ; 7493:inst|16  ; 7493:inst|16 ; 7493:inst|16  ; KEY[0]      ; 0.500        ; 5.698      ; 2.049      ;
; 4.935 ; 7493:inst|16  ; 7493:inst|16 ; 7493:inst|16  ; KEY[0]      ; 1.000        ; 5.698      ; 2.049      ;
+-------+---------------+--------------+---------------+-------------+--------------+------------+------------+


+--------------------------------------------------------------------------------------------------------------+
; Slow Model Removal: 'KEY[0]'                                                                                 ;
+--------+---------------+--------------+---------------+-------------+--------------+------------+------------+
; Slack  ; From Node     ; To Node      ; Launch Clock  ; Latch Clock ; Relationship ; Clock Skew ; Data Delay ;
+--------+---------------+--------------+---------------+-------------+--------------+------------+------------+
; -4.165 ; 7493:inst|16  ; 7493:inst|16 ; 7493:inst|16  ; KEY[0]      ; 0.000        ; 5.698      ; 2.049      ;
; -3.665 ; 7493:inst|16  ; 7493:inst|16 ; 7493:inst|16  ; KEY[0]      ; -0.500       ; 5.698      ; 2.049      ;
; -2.527 ; 7493:inst|13  ; 7493:inst|16 ; 7493:inst|16  ; KEY[0]      ; 0.000        ; 4.865      ; 2.604      ;
; -0.216 ; 7493:inst1|14 ; 7493:inst|16 ; 7493:inst1|16 ; KEY[0]      ; 0.000        ; 1.967      ; 2.017      ;
; -0.090 ; 7493:inst1|15 ; 7493:inst|16 ; 7493:inst1|16 ; KEY[0]      ; 0.000        ; 1.967      ; 2.143      ;
+--------+---------------+--------------+---------------+-------------+--------------+------------+------------+


+-----------------------------------------------------------------------------------------------------------------+
; Slow Model Removal: '7493:inst1|16'                                                                             ;
+--------+---------------+---------------+---------------+---------------+--------------+------------+------------+
; Slack  ; From Node     ; To Node       ; Launch Clock  ; Latch Clock   ; Relationship ; Clock Skew ; Data Delay ;
+--------+---------------+---------------+---------------+---------------+--------------+------------+------------+
; -2.381 ; 7493:inst|16  ; 7493:inst1|15 ; 7493:inst|16  ; 7493:inst1|16 ; 0.000        ; 3.731      ; 1.866      ;
; -2.381 ; 7493:inst|16  ; 7493:inst1|14 ; 7493:inst|16  ; 7493:inst1|16 ; 0.000        ; 3.731      ; 1.866      ;
; -1.881 ; 7493:inst|16  ; 7493:inst1|15 ; 7493:inst|16  ; 7493:inst1|16 ; -0.500       ; 3.731      ; 1.866      ;
; -1.881 ; 7493:inst|16  ; 7493:inst1|14 ; 7493:inst|16  ; 7493:inst1|16 ; -0.500       ; 3.731      ; 1.866      ;
; -0.743 ; 7493:inst|13  ; 7493:inst1|15 ; 7493:inst|16  ; 7493:inst1|16 ; 0.000        ; 2.898      ; 2.421      ;
; -0.743 ; 7493:inst|13  ; 7493:inst1|14 ; 7493:inst|16  ; 7493:inst1|16 ; 0.000        ; 2.898      ; 2.421      ;
; 1.568  ; 7493:inst1|14 ; 7493:inst1|15 ; 7493:inst1|16 ; 7493:inst1|16 ; 0.000        ; 0.000      ; 1.834      ;
; 1.568  ; 7493:inst1|14 ; 7493:inst1|14 ; 7493:inst1|16 ; 7493:inst1|16 ; 0.000        ; 0.000      ; 1.834      ;
; 1.694  ; 7493:inst1|15 ; 7493:inst1|15 ; 7493:inst1|16 ; 7493:inst1|16 ; 0.000        ; 0.000      ; 1.960      ;
; 1.694  ; 7493:inst1|15 ; 7493:inst1|14 ; 7493:inst1|16 ; 7493:inst1|16 ; 0.000        ; 0.000      ; 1.960      ;
+--------+---------------+---------------+---------------+---------------+--------------+------------+------------+


+----------------------------------------------------------------------------------------------------------------+
; Slow Model Removal: '7493:inst|16'                                                                             ;
+--------+---------------+---------------+---------------+--------------+--------------+------------+------------+
; Slack  ; From Node     ; To Node       ; Launch Clock  ; Latch Clock  ; Relationship ; Clock Skew ; Data Delay ;
+--------+---------------+---------------+---------------+--------------+--------------+------------+------------+
; -0.526 ; 7493:inst|16  ; 7493:inst1|16 ; 7493:inst|16  ; 7493:inst|16 ; 0.000        ; 1.876      ; 1.866      ;
; -0.026 ; 7493:inst|16  ; 7493:inst1|16 ; 7493:inst|16  ; 7493:inst|16 ; -0.500       ; 1.876      ; 1.866      ;
; 0.700  ; 7493:inst|16  ; 7493:inst|13  ; 7493:inst|16  ; 7493:inst|16 ; 0.000        ; 0.833      ; 2.049      ;
; 0.700  ; 7493:inst|16  ; 7493:inst|14  ; 7493:inst|16  ; 7493:inst|16 ; 0.000        ; 0.833      ; 2.049      ;
; 0.700  ; 7493:inst|16  ; 7493:inst|15  ; 7493:inst|16  ; 7493:inst|16 ; 0.000        ; 0.833      ; 2.049      ;
; 1.112  ; 7493:inst|13  ; 7493:inst1|16 ; 7493:inst|16  ; 7493:inst|16 ; 0.000        ; 1.043      ; 2.421      ;
; 1.200  ; 7493:inst|16  ; 7493:inst|13  ; 7493:inst|16  ; 7493:inst|16 ; -0.500       ; 0.833      ; 2.049      ;
; 1.200  ; 7493:inst|16  ; 7493:inst|14  ; 7493:inst|16  ; 7493:inst|16 ; -0.500       ; 0.833      ; 2.049      ;
; 1.200  ; 7493:inst|16  ; 7493:inst|15  ; 7493:inst|16  ; 7493:inst|16 ; -0.500       ; 0.833      ; 2.049      ;
; 2.338  ; 7493:inst|13  ; 7493:inst|13  ; 7493:inst|16  ; 7493:inst|16 ; 0.000        ; 0.000      ; 2.604      ;
; 2.338  ; 7493:inst|13  ; 7493:inst|14  ; 7493:inst|16  ; 7493:inst|16 ; 0.000        ; 0.000      ; 2.604      ;
; 2.338  ; 7493:inst|13  ; 7493:inst|15  ; 7493:inst|16  ; 7493:inst|16 ; 0.000        ; 0.000      ; 2.604      ;
; 3.423  ; 7493:inst1|14 ; 7493:inst1|16 ; 7493:inst1|16 ; 7493:inst|16 ; 0.000        ; -1.855     ; 1.834      ;
; 3.549  ; 7493:inst1|15 ; 7493:inst1|16 ; 7493:inst1|16 ; 7493:inst|16 ; 0.000        ; -1.855     ; 1.960      ;
; 4.649  ; 7493:inst1|14 ; 7493:inst|13  ; 7493:inst1|16 ; 7493:inst|16 ; 0.000        ; -2.898     ; 2.017      ;
; 4.649  ; 7493:inst1|14 ; 7493:inst|14  ; 7493:inst1|16 ; 7493:inst|16 ; 0.000        ; -2.898     ; 2.017      ;
; 4.649  ; 7493:inst1|14 ; 7493:inst|15  ; 7493:inst1|16 ; 7493:inst|16 ; 0.000        ; -2.898     ; 2.017      ;
; 4.775  ; 7493:inst1|15 ; 7493:inst|13  ; 7493:inst1|16 ; 7493:inst|16 ; 0.000        ; -2.898     ; 2.143      ;
; 4.775  ; 7493:inst1|15 ; 7493:inst|14  ; 7493:inst1|16 ; 7493:inst|16 ; 0.000        ; -2.898     ; 2.143      ;
; 4.775  ; 7493:inst1|15 ; 7493:inst|15  ; 7493:inst1|16 ; 7493:inst|16 ; 0.000        ; -2.898     ; 2.143      ;
+--------+---------------+---------------+---------------+--------------+--------------+------------+------------+


+--------------------------------------------------------------------------------------------------+
; Slow Model Minimum Pulse Width: 'KEY[0]'                                                         ;
+--------+--------------+----------------+------------------+--------+------------+----------------+
; Slack  ; Actual Width ; Required Width ; Type             ; Clock  ; Clock Edge ; Target         ;
+--------+--------------+----------------+------------------+--------+------------+----------------+
; -1.222 ; 1.000        ; 2.222          ; Port Rate        ; KEY[0] ; Rise       ; KEY[0]         ;
; -0.500 ; 0.500        ; 1.000          ; High Pulse Width ; KEY[0] ; Fall       ; 7493:inst|16   ;
; -0.500 ; 0.500        ; 1.000          ; Low Pulse Width  ; KEY[0] ; Fall       ; 7493:inst|16   ;
; 0.500  ; 0.500        ; 0.000          ; High Pulse Width ; KEY[0] ; Rise       ; KEY[0]|combout ;
; 0.500  ; 0.500        ; 0.000          ; Low Pulse Width  ; KEY[0] ; Rise       ; KEY[0]|combout ;
; 0.500  ; 0.500        ; 0.000          ; High Pulse Width ; KEY[0] ; Fall       ; inst10|combout ;
; 0.500  ; 0.500        ; 0.000          ; Low Pulse Width  ; KEY[0] ; Fall       ; inst10|combout ;
; 0.500  ; 0.500        ; 0.000          ; High Pulse Width ; KEY[0] ; Rise       ; inst10|datad   ;
; 0.500  ; 0.500        ; 0.000          ; Low Pulse Width  ; KEY[0] ; Rise       ; inst10|datad   ;
; 0.500  ; 0.500        ; 0.000          ; High Pulse Width ; KEY[0] ; Fall       ; inst|16|clk    ;
; 0.500  ; 0.500        ; 0.000          ; Low Pulse Width  ; KEY[0] ; Fall       ; inst|16|clk    ;
+--------+--------------+----------------+------------------+--------+------------+----------------+


+--------------------------------------------------------------------------------------------------------+
; Slow Model Minimum Pulse Width: '7493:inst|16'                                                         ;
+--------+--------------+----------------+------------------+--------------+------------+----------------+
; Slack  ; Actual Width ; Required Width ; Type             ; Clock        ; Clock Edge ; Target         ;
+--------+--------------+----------------+------------------+--------------+------------+----------------+
; -0.500 ; 0.500        ; 1.000          ; High Pulse Width ; 7493:inst|16 ; Fall       ; 7493:inst1|16  ;
; -0.500 ; 0.500        ; 1.000          ; Low Pulse Width  ; 7493:inst|16 ; Fall       ; 7493:inst1|16  ;
; -0.500 ; 0.500        ; 1.000          ; High Pulse Width ; 7493:inst|16 ; Fall       ; 7493:inst|13   ;
; -0.500 ; 0.500        ; 1.000          ; Low Pulse Width  ; 7493:inst|16 ; Fall       ; 7493:inst|13   ;
; -0.500 ; 0.500        ; 1.000          ; High Pulse Width ; 7493:inst|16 ; Fall       ; 7493:inst|14   ;
; -0.500 ; 0.500        ; 1.000          ; Low Pulse Width  ; 7493:inst|16 ; Fall       ; 7493:inst|14   ;
; -0.500 ; 0.500        ; 1.000          ; High Pulse Width ; 7493:inst|16 ; Fall       ; 7493:inst|15   ;
; -0.500 ; 0.500        ; 1.000          ; Low Pulse Width  ; 7493:inst|16 ; Fall       ; 7493:inst|15   ;
; 0.500  ; 0.500        ; 0.000          ; High Pulse Width ; 7493:inst|16 ; Fall       ; inst1|16|clk   ;
; 0.500  ; 0.500        ; 0.000          ; Low Pulse Width  ; 7493:inst|16 ; Fall       ; inst1|16|clk   ;
; 0.500  ; 0.500        ; 0.000          ; High Pulse Width ; 7493:inst|16 ; Fall       ; inst2|combout  ;
; 0.500  ; 0.500        ; 0.000          ; Low Pulse Width  ; 7493:inst|16 ; Fall       ; inst2|combout  ;
; 0.500  ; 0.500        ; 0.000          ; High Pulse Width ; 7493:inst|16 ; Rise       ; inst2|dataa    ;
; 0.500  ; 0.500        ; 0.000          ; Low Pulse Width  ; 7493:inst|16 ; Rise       ; inst2|dataa    ;
; 0.500  ; 0.500        ; 0.000          ; High Pulse Width ; 7493:inst|16 ; Rise       ; inst|13|clk    ;
; 0.500  ; 0.500        ; 0.000          ; Low Pulse Width  ; 7493:inst|16 ; Rise       ; inst|13|clk    ;
; 0.500  ; 0.500        ; 0.000          ; High Pulse Width ; 7493:inst|16 ; Rise       ; inst|14|clk    ;
; 0.500  ; 0.500        ; 0.000          ; Low Pulse Width  ; 7493:inst|16 ; Rise       ; inst|14|clk    ;
; 0.500  ; 0.500        ; 0.000          ; High Pulse Width ; 7493:inst|16 ; Rise       ; inst|15|clk    ;
; 0.500  ; 0.500        ; 0.000          ; Low Pulse Width  ; 7493:inst|16 ; Rise       ; inst|15|clk    ;
; 0.500  ; 0.500        ; 0.000          ; High Pulse Width ; 7493:inst|16 ; Rise       ; inst|16|regout ;
; 0.500  ; 0.500        ; 0.000          ; Low Pulse Width  ; 7493:inst|16 ; Rise       ; inst|16|regout ;
+--------+--------------+----------------+------------------+--------------+------------+----------------+


+--------------------------------------------------------------------------------------------------------------------+
; Slow Model Minimum Pulse Width: '7493:inst1|16'                                                                    ;
+--------+--------------+----------------+------------------+---------------+------------+---------------------------+
; Slack  ; Actual Width ; Required Width ; Type             ; Clock         ; Clock Edge ; Target                    ;
+--------+--------------+----------------+------------------+---------------+------------+---------------------------+
; -0.500 ; 0.500        ; 1.000          ; High Pulse Width ; 7493:inst1|16 ; Fall       ; 7493:inst1|14             ;
; -0.500 ; 0.500        ; 1.000          ; Low Pulse Width  ; 7493:inst1|16 ; Fall       ; 7493:inst1|14             ;
; -0.500 ; 0.500        ; 1.000          ; High Pulse Width ; 7493:inst1|16 ; Fall       ; 7493:inst1|15             ;
; -0.500 ; 0.500        ; 1.000          ; Low Pulse Width  ; 7493:inst1|16 ; Fall       ; 7493:inst1|15             ;
; 0.500  ; 0.500        ; 0.000          ; High Pulse Width ; 7493:inst1|16 ; Rise       ; inst1|14|clk              ;
; 0.500  ; 0.500        ; 0.000          ; Low Pulse Width  ; 7493:inst1|16 ; Rise       ; inst1|14|clk              ;
; 0.500  ; 0.500        ; 0.000          ; High Pulse Width ; 7493:inst1|16 ; Rise       ; inst1|15|clk              ;
; 0.500  ; 0.500        ; 0.000          ; Low Pulse Width  ; 7493:inst1|16 ; Rise       ; inst1|15|clk              ;
; 0.500  ; 0.500        ; 0.000          ; High Pulse Width ; 7493:inst1|16 ; Rise       ; inst1|16|regout           ;
; 0.500  ; 0.500        ; 0.000          ; Low Pulse Width  ; 7493:inst1|16 ; Rise       ; inst1|16|regout           ;
; 0.500  ; 0.500        ; 0.000          ; High Pulse Width ; 7493:inst1|16 ; Rise       ; inst1|16~clkctrl|inclk[0] ;
; 0.500  ; 0.500        ; 0.000          ; Low Pulse Width  ; 7493:inst1|16 ; Rise       ; inst1|16~clkctrl|inclk[0] ;
; 0.500  ; 0.500        ; 0.000          ; High Pulse Width ; 7493:inst1|16 ; Rise       ; inst1|16~clkctrl|outclk   ;
; 0.500  ; 0.500        ; 0.000          ; Low Pulse Width  ; 7493:inst1|16 ; Rise       ; inst1|16~clkctrl|outclk   ;
+--------+--------------+----------------+------------------+---------------+------------+---------------------------+


+--------------------------------------------------------------------------+
; Clock to Output Times                                                    ;
+-----------+---------------+-------+-------+------------+-----------------+
; Data Port ; Clock Port    ; Rise  ; Fall  ; Clock Edge ; Clock Reference ;
+-----------+---------------+-------+-------+------------+-----------------+
; OLEDR[*]  ; 7493:inst1|16 ; 3.735 ;       ; Rise       ; 7493:inst1|16   ;
;  OLEDR[4] ; 7493:inst1|16 ; 3.735 ;       ; Rise       ; 7493:inst1|16   ;
; OLEDR[*]  ; 7493:inst1|16 ; 7.647 ; 7.647 ; Fall       ; 7493:inst1|16   ;
;  OLEDR[4] ; 7493:inst1|16 ;       ; 3.735 ; Fall       ; 7493:inst1|16   ;
;  OLEDR[5] ; 7493:inst1|16 ; 7.435 ; 7.435 ; Fall       ; 7493:inst1|16   ;
;  OLEDR[6] ; 7493:inst1|16 ; 7.647 ; 7.647 ; Fall       ; 7493:inst1|16   ;
; OLEDR[*]  ; 7493:inst|16  ; 3.928 ;       ; Rise       ; 7493:inst|16    ;
;  OLEDR[0] ; 7493:inst|16  ; 3.928 ;       ; Rise       ; 7493:inst|16    ;
; OLEDR[*]  ; 7493:inst|16  ; 4.787 ; 4.787 ; Fall       ; 7493:inst|16    ;
;  OLEDR[0] ; 7493:inst|16  ;       ; 3.928 ; Fall       ; 7493:inst|16    ;
;  OLEDR[1] ; 7493:inst|16  ; 4.535 ; 4.535 ; Fall       ; 7493:inst|16    ;
;  OLEDR[2] ; 7493:inst|16  ; 4.533 ; 4.533 ; Fall       ; 7493:inst|16    ;
;  OLEDR[3] ; 7493:inst|16  ; 4.787 ; 4.787 ; Fall       ; 7493:inst|16    ;
+-----------+---------------+-------+-------+------------+-----------------+


+--------------------------------------------------------------------------+
; Minimum Clock to Output Times                                            ;
+-----------+---------------+-------+-------+------------+-----------------+
; Data Port ; Clock Port    ; Rise  ; Fall  ; Clock Edge ; Clock Reference ;
+-----------+---------------+-------+-------+------------+-----------------+
; OLEDR[*]  ; 7493:inst1|16 ; 3.735 ;       ; Rise       ; 7493:inst1|16   ;
;  OLEDR[4] ; 7493:inst1|16 ; 3.735 ;       ; Rise       ; 7493:inst1|16   ;
; OLEDR[*]  ; 7493:inst1|16 ; 7.435 ; 3.735 ; Fall       ; 7493:inst1|16   ;
;  OLEDR[4] ; 7493:inst1|16 ;       ; 3.735 ; Fall       ; 7493:inst1|16   ;
;  OLEDR[5] ; 7493:inst1|16 ; 7.435 ; 7.435 ; Fall       ; 7493:inst1|16   ;
;  OLEDR[6] ; 7493:inst1|16 ; 7.647 ; 7.647 ; Fall       ; 7493:inst1|16   ;
; OLEDR[*]  ; 7493:inst|16  ; 3.928 ;       ; Rise       ; 7493:inst|16    ;
;  OLEDR[0] ; 7493:inst|16  ; 3.928 ;       ; Rise       ; 7493:inst|16    ;
; OLEDR[*]  ; 7493:inst|16  ; 4.533 ; 3.928 ; Fall       ; 7493:inst|16    ;
;  OLEDR[0] ; 7493:inst|16  ;       ; 3.928 ; Fall       ; 7493:inst|16    ;
;  OLEDR[1] ; 7493:inst|16  ; 4.535 ; 4.535 ; Fall       ; 7493:inst|16    ;
;  OLEDR[2] ; 7493:inst|16  ; 4.533 ; 4.533 ; Fall       ; 7493:inst|16    ;
;  OLEDR[3] ; 7493:inst|16  ; 4.787 ; 4.787 ; Fall       ; 7493:inst|16    ;
+-----------+---------------+-------+-------+------------+-----------------+


+---------------------------------------+
; Fast Model Setup Summary              ;
+---------------+-------+---------------+
; Clock         ; Slack ; End Point TNS ;
+---------------+-------+---------------+
; 7493:inst|16  ; 0.518 ; 0.000         ;
; 7493:inst1|16 ; 0.634 ; 0.000         ;
; KEY[0]        ; 3.317 ; 0.000         ;
+---------------+-------+---------------+


+----------------------------------------+
; Fast Model Hold Summary                ;
+---------------+--------+---------------+
; Clock         ; Slack  ; End Point TNS ;
+---------------+--------+---------------+
; KEY[0]        ; -2.937 ; -2.937        ;
; 7493:inst|16  ; -0.846 ; -0.846        ;
; 7493:inst1|16 ; 0.215  ; 0.000         ;
+---------------+--------+---------------+


+----------------------------------------+
; Fast Model Recovery Summary            ;
+---------------+--------+---------------+
; Clock         ; Slack  ; End Point TNS ;
+---------------+--------+---------------+
; 7493:inst|16  ; -1.805 ; -6.690        ;
; 7493:inst1|16 ; 0.002  ; 0.000         ;
; KEY[0]        ; 0.735  ; 0.000         ;
+---------------+--------+---------------+


+----------------------------------------+
; Fast Model Removal Summary             ;
+---------------+--------+---------------+
; Clock         ; Slack  ; End Point TNS ;
+---------------+--------+---------------+
; KEY[0]        ; -2.241 ; -2.241        ;
; 7493:inst1|16 ; -1.508 ; -3.016        ;
; 7493:inst|16  ; -0.231 ; -0.231        ;
+---------------+--------+---------------+


+----------------------------------------+
; Fast Model Minimum Pulse Width Summary ;
+---------------+--------+---------------+
; Clock         ; Slack  ; End Point TNS ;
+---------------+--------+---------------+
; KEY[0]        ; -1.222 ; -2.222        ;
; 7493:inst|16  ; -0.500 ; -4.000        ;
; 7493:inst1|16 ; -0.500 ; -2.000        ;
+---------------+--------+---------------+


+---------------------------------------------------------------------------------------------------------------+
; Fast Model Setup: '7493:inst|16'                                                                              ;
+-------+---------------+---------------+---------------+--------------+--------------+------------+------------+
; Slack ; From Node     ; To Node       ; Launch Clock  ; Latch Clock  ; Relationship ; Clock Skew ; Data Delay ;
+-------+---------------+---------------+---------------+--------------+--------------+------------+------------+
; 0.518 ; 7493:inst|14  ; 7493:inst|13  ; 7493:inst|16  ; 7493:inst|16 ; 1.000        ; 0.000      ; 0.514      ;
; 0.631 ; 7493:inst|15  ; 7493:inst|14  ; 7493:inst|16  ; 7493:inst|16 ; 1.000        ; 0.000      ; 0.401      ;
; 0.634 ; 7493:inst|15  ; 7493:inst|13  ; 7493:inst|16  ; 7493:inst|16 ; 1.000        ; 0.000      ; 0.398      ;
; 0.665 ; 7493:inst|15  ; 7493:inst|15  ; 7493:inst|16  ; 7493:inst|16 ; 1.000        ; 0.000      ; 0.367      ;
; 0.665 ; 7493:inst|13  ; 7493:inst|13  ; 7493:inst|16  ; 7493:inst|16 ; 1.000        ; 0.000      ; 0.367      ;
; 0.665 ; 7493:inst|14  ; 7493:inst|14  ; 7493:inst|16  ; 7493:inst|16 ; 1.000        ; 0.000      ; 0.367      ;
; 1.226 ; 7493:inst1|16 ; 7493:inst1|16 ; 7493:inst1|16 ; 7493:inst|16 ; 0.500        ; 0.920      ; 0.367      ;
; 1.726 ; 7493:inst1|16 ; 7493:inst1|16 ; 7493:inst1|16 ; 7493:inst|16 ; 1.000        ; 0.920      ; 0.367      ;
+-------+---------------+---------------+---------------+--------------+--------------+------------+------------+


+----------------------------------------------------------------------------------------------------------------+
; Fast Model Setup: '7493:inst1|16'                                                                              ;
+-------+---------------+---------------+---------------+---------------+--------------+------------+------------+
; Slack ; From Node     ; To Node       ; Launch Clock  ; Latch Clock   ; Relationship ; Clock Skew ; Data Delay ;
+-------+---------------+---------------+---------------+---------------+--------------+------------+------------+
; 0.634 ; 7493:inst1|15 ; 7493:inst1|14 ; 7493:inst1|16 ; 7493:inst1|16 ; 1.000        ; 0.000      ; 0.398      ;
; 0.665 ; 7493:inst1|15 ; 7493:inst1|15 ; 7493:inst1|16 ; 7493:inst1|16 ; 1.000        ; 0.000      ; 0.367      ;
; 0.665 ; 7493:inst1|14 ; 7493:inst1|14 ; 7493:inst1|16 ; 7493:inst1|16 ; 1.000        ; 0.000      ; 0.367      ;
+-------+---------------+---------------+---------------+---------------+--------------+------------+------------+


+-----------------------------------------------------------------------------------------------------------+
; Fast Model Setup: 'KEY[0]'                                                                                ;
+-------+--------------+--------------+--------------+-------------+--------------+------------+------------+
; Slack ; From Node    ; To Node      ; Launch Clock ; Latch Clock ; Relationship ; Clock Skew ; Data Delay ;
+-------+--------------+--------------+--------------+-------------+--------------+------------+------------+
; 3.317 ; 7493:inst|16 ; 7493:inst|16 ; 7493:inst|16 ; KEY[0]      ; 0.500        ; 3.011      ; 0.367      ;
; 3.817 ; 7493:inst|16 ; 7493:inst|16 ; 7493:inst|16 ; KEY[0]      ; 1.000        ; 3.011      ; 0.367      ;
+-------+--------------+--------------+--------------+-------------+--------------+------------+------------+


+------------------------------------------------------------------------------------------------------------+
; Fast Model Hold: 'KEY[0]'                                                                                  ;
+--------+--------------+--------------+--------------+-------------+--------------+------------+------------+
; Slack  ; From Node    ; To Node      ; Launch Clock ; Latch Clock ; Relationship ; Clock Skew ; Data Delay ;
+--------+--------------+--------------+--------------+-------------+--------------+------------+------------+
; -2.937 ; 7493:inst|16 ; 7493:inst|16 ; 7493:inst|16 ; KEY[0]      ; 0.000        ; 3.011      ; 0.367      ;
; -2.437 ; 7493:inst|16 ; 7493:inst|16 ; 7493:inst|16 ; KEY[0]      ; -0.500       ; 3.011      ; 0.367      ;
+--------+--------------+--------------+--------------+-------------+--------------+------------+------------+


+----------------------------------------------------------------------------------------------------------------+
; Fast Model Hold: '7493:inst|16'                                                                                ;
+--------+---------------+---------------+---------------+--------------+--------------+------------+------------+
; Slack  ; From Node     ; To Node       ; Launch Clock  ; Latch Clock  ; Relationship ; Clock Skew ; Data Delay ;
+--------+---------------+---------------+---------------+--------------+--------------+------------+------------+
; -0.846 ; 7493:inst1|16 ; 7493:inst1|16 ; 7493:inst1|16 ; 7493:inst|16 ; 0.000        ; 0.920      ; 0.367      ;
; -0.346 ; 7493:inst1|16 ; 7493:inst1|16 ; 7493:inst1|16 ; 7493:inst|16 ; -0.500       ; 0.920      ; 0.367      ;
; 0.215  ; 7493:inst|13  ; 7493:inst|13  ; 7493:inst|16  ; 7493:inst|16 ; 0.000        ; 0.000      ; 0.367      ;
; 0.215  ; 7493:inst|14  ; 7493:inst|14  ; 7493:inst|16  ; 7493:inst|16 ; 0.000        ; 0.000      ; 0.367      ;
; 0.215  ; 7493:inst|15  ; 7493:inst|15  ; 7493:inst|16  ; 7493:inst|16 ; 0.000        ; 0.000      ; 0.367      ;
; 0.246  ; 7493:inst|15  ; 7493:inst|13  ; 7493:inst|16  ; 7493:inst|16 ; 0.000        ; 0.000      ; 0.398      ;
; 0.249  ; 7493:inst|15  ; 7493:inst|14  ; 7493:inst|16  ; 7493:inst|16 ; 0.000        ; 0.000      ; 0.401      ;
; 0.362  ; 7493:inst|14  ; 7493:inst|13  ; 7493:inst|16  ; 7493:inst|16 ; 0.000        ; 0.000      ; 0.514      ;
+--------+---------------+---------------+---------------+--------------+--------------+------------+------------+


+----------------------------------------------------------------------------------------------------------------+
; Fast Model Hold: '7493:inst1|16'                                                                               ;
+-------+---------------+---------------+---------------+---------------+--------------+------------+------------+
; Slack ; From Node     ; To Node       ; Launch Clock  ; Latch Clock   ; Relationship ; Clock Skew ; Data Delay ;
+-------+---------------+---------------+---------------+---------------+--------------+------------+------------+
; 0.215 ; 7493:inst1|15 ; 7493:inst1|15 ; 7493:inst1|16 ; 7493:inst1|16 ; 0.000        ; 0.000      ; 0.367      ;
; 0.215 ; 7493:inst1|14 ; 7493:inst1|14 ; 7493:inst1|16 ; 7493:inst1|16 ; 0.000        ; 0.000      ; 0.367      ;
; 0.246 ; 7493:inst1|15 ; 7493:inst1|14 ; 7493:inst1|16 ; 7493:inst1|16 ; 0.000        ; 0.000      ; 0.398      ;
+-------+---------------+---------------+---------------+---------------+--------------+------------+------------+


+----------------------------------------------------------------------------------------------------------------+
; Fast Model Recovery: '7493:inst|16'                                                                            ;
+--------+---------------+---------------+---------------+--------------+--------------+------------+------------+
; Slack  ; From Node     ; To Node       ; Launch Clock  ; Latch Clock  ; Relationship ; Clock Skew ; Data Delay ;
+--------+---------------+---------------+---------------+--------------+--------------+------------+------------+
; -1.805 ; 7493:inst1|15 ; 7493:inst|13  ; 7493:inst1|16 ; 7493:inst|16 ; 1.000        ; -1.726     ; 1.111      ;
; -1.805 ; 7493:inst1|15 ; 7493:inst|14  ; 7493:inst1|16 ; 7493:inst|16 ; 1.000        ; -1.726     ; 1.111      ;
; -1.805 ; 7493:inst1|15 ; 7493:inst|15  ; 7493:inst1|16 ; 7493:inst|16 ; 1.000        ; -1.726     ; 1.111      ;
; -1.751 ; 7493:inst1|14 ; 7493:inst|13  ; 7493:inst1|16 ; 7493:inst|16 ; 1.000        ; -1.726     ; 1.057      ;
; -1.751 ; 7493:inst1|14 ; 7493:inst|14  ; 7493:inst1|16 ; 7493:inst|16 ; 1.000        ; -1.726     ; 1.057      ;
; -1.751 ; 7493:inst1|14 ; 7493:inst|15  ; 7493:inst1|16 ; 7493:inst|16 ; 1.000        ; -1.726     ; 1.057      ;
; -1.275 ; 7493:inst1|15 ; 7493:inst1|16 ; 7493:inst1|16 ; 7493:inst|16 ; 1.000        ; -1.277     ; 1.030      ;
; -1.221 ; 7493:inst1|14 ; 7493:inst1|16 ; 7493:inst1|16 ; 7493:inst|16 ; 1.000        ; -1.277     ; 0.976      ;
; -0.285 ; 7493:inst|13  ; 7493:inst|13  ; 7493:inst|16  ; 7493:inst|16 ; 1.000        ; 0.000      ; 1.317      ;
; -0.285 ; 7493:inst|13  ; 7493:inst|14  ; 7493:inst|16  ; 7493:inst|16 ; 1.000        ; 0.000      ; 1.317      ;
; -0.285 ; 7493:inst|13  ; 7493:inst|15  ; 7493:inst|16  ; 7493:inst|16 ; 1.000        ; 0.000      ; 1.317      ;
; 0.081  ; 7493:inst|16  ; 7493:inst|13  ; 7493:inst|16  ; 7493:inst|16 ; 0.500        ; 0.471      ; 1.063      ;
; 0.081  ; 7493:inst|16  ; 7493:inst|14  ; 7493:inst|16  ; 7493:inst|16 ; 0.500        ; 0.471      ; 1.063      ;
; 0.081  ; 7493:inst|16  ; 7493:inst|15  ; 7493:inst|16  ; 7493:inst|16 ; 0.500        ; 0.471      ; 1.063      ;
; 0.245  ; 7493:inst|13  ; 7493:inst1|16 ; 7493:inst|16  ; 7493:inst|16 ; 1.000        ; 0.449      ; 1.236      ;
; 0.581  ; 7493:inst|16  ; 7493:inst|13  ; 7493:inst|16  ; 7493:inst|16 ; 1.000        ; 0.471      ; 1.063      ;
; 0.581  ; 7493:inst|16  ; 7493:inst|14  ; 7493:inst|16  ; 7493:inst|16 ; 1.000        ; 0.471      ; 1.063      ;
; 0.581  ; 7493:inst|16  ; 7493:inst|15  ; 7493:inst|16  ; 7493:inst|16 ; 1.000        ; 0.471      ; 1.063      ;
; 0.611  ; 7493:inst|16  ; 7493:inst1|16 ; 7493:inst|16  ; 7493:inst|16 ; 0.500        ; 0.920      ; 0.982      ;
; 1.111  ; 7493:inst|16  ; 7493:inst1|16 ; 7493:inst|16  ; 7493:inst|16 ; 1.000        ; 0.920      ; 0.982      ;
+--------+---------------+---------------+---------------+--------------+--------------+------------+------------+


+----------------------------------------------------------------------------------------------------------------+
; Fast Model Recovery: '7493:inst1|16'                                                                           ;
+-------+---------------+---------------+---------------+---------------+--------------+------------+------------+
; Slack ; From Node     ; To Node       ; Launch Clock  ; Latch Clock   ; Relationship ; Clock Skew ; Data Delay ;
+-------+---------------+---------------+---------------+---------------+--------------+------------+------------+
; 0.002 ; 7493:inst1|15 ; 7493:inst1|15 ; 7493:inst1|16 ; 7493:inst1|16 ; 1.000        ; 0.000      ; 1.030      ;
; 0.002 ; 7493:inst1|15 ; 7493:inst1|14 ; 7493:inst1|16 ; 7493:inst1|16 ; 1.000        ; 0.000      ; 1.030      ;
; 0.056 ; 7493:inst1|14 ; 7493:inst1|15 ; 7493:inst1|16 ; 7493:inst1|16 ; 1.000        ; 0.000      ; 0.976      ;
; 0.056 ; 7493:inst1|14 ; 7493:inst1|14 ; 7493:inst1|16 ; 7493:inst1|16 ; 1.000        ; 0.000      ; 0.976      ;
; 1.522 ; 7493:inst|13  ; 7493:inst1|15 ; 7493:inst|16  ; 7493:inst1|16 ; 1.000        ; 1.726      ; 1.236      ;
; 1.522 ; 7493:inst|13  ; 7493:inst1|14 ; 7493:inst|16  ; 7493:inst1|16 ; 1.000        ; 1.726      ; 1.236      ;
; 1.888 ; 7493:inst|16  ; 7493:inst1|15 ; 7493:inst|16  ; 7493:inst1|16 ; 0.500        ; 2.197      ; 0.982      ;
; 1.888 ; 7493:inst|16  ; 7493:inst1|14 ; 7493:inst|16  ; 7493:inst1|16 ; 0.500        ; 2.197      ; 0.982      ;
; 2.388 ; 7493:inst|16  ; 7493:inst1|15 ; 7493:inst|16  ; 7493:inst1|16 ; 1.000        ; 2.197      ; 0.982      ;
; 2.388 ; 7493:inst|16  ; 7493:inst1|14 ; 7493:inst|16  ; 7493:inst1|16 ; 1.000        ; 2.197      ; 0.982      ;
+-------+---------------+---------------+---------------+---------------+--------------+------------+------------+


+-------------------------------------------------------------------------------------------------------------+
; Fast Model Recovery: 'KEY[0]'                                                                               ;
+-------+---------------+--------------+---------------+-------------+--------------+------------+------------+
; Slack ; From Node     ; To Node      ; Launch Clock  ; Latch Clock ; Relationship ; Clock Skew ; Data Delay ;
+-------+---------------+--------------+---------------+-------------+--------------+------------+------------+
; 0.735 ; 7493:inst1|15 ; 7493:inst|16 ; 7493:inst1|16 ; KEY[0]      ; 1.000        ; 0.814      ; 1.111      ;
; 0.789 ; 7493:inst1|14 ; 7493:inst|16 ; 7493:inst1|16 ; KEY[0]      ; 1.000        ; 0.814      ; 1.057      ;
; 2.255 ; 7493:inst|13  ; 7493:inst|16 ; 7493:inst|16  ; KEY[0]      ; 1.000        ; 2.540      ; 1.317      ;
; 2.621 ; 7493:inst|16  ; 7493:inst|16 ; 7493:inst|16  ; KEY[0]      ; 0.500        ; 3.011      ; 1.063      ;
; 3.121 ; 7493:inst|16  ; 7493:inst|16 ; 7493:inst|16  ; KEY[0]      ; 1.000        ; 3.011      ; 1.063      ;
+-------+---------------+--------------+---------------+-------------+--------------+------------+------------+


+--------------------------------------------------------------------------------------------------------------+
; Fast Model Removal: 'KEY[0]'                                                                                 ;
+--------+---------------+--------------+---------------+-------------+--------------+------------+------------+
; Slack  ; From Node     ; To Node      ; Launch Clock  ; Latch Clock ; Relationship ; Clock Skew ; Data Delay ;
+--------+---------------+--------------+---------------+-------------+--------------+------------+------------+
; -2.241 ; 7493:inst|16  ; 7493:inst|16 ; 7493:inst|16  ; KEY[0]      ; 0.000        ; 3.011      ; 1.063      ;
; -1.741 ; 7493:inst|16  ; 7493:inst|16 ; 7493:inst|16  ; KEY[0]      ; -0.500       ; 3.011      ; 1.063      ;
; -1.375 ; 7493:inst|13  ; 7493:inst|16 ; 7493:inst|16  ; KEY[0]      ; 0.000        ; 2.540      ; 1.317      ;
; 0.091  ; 7493:inst1|14 ; 7493:inst|16 ; 7493:inst1|16 ; KEY[0]      ; 0.000        ; 0.814      ; 1.057      ;
; 0.145  ; 7493:inst1|15 ; 7493:inst|16 ; 7493:inst1|16 ; KEY[0]      ; 0.000        ; 0.814      ; 1.111      ;
+--------+---------------+--------------+---------------+-------------+--------------+------------+------------+


+-----------------------------------------------------------------------------------------------------------------+
; Fast Model Removal: '7493:inst1|16'                                                                             ;
+--------+---------------+---------------+---------------+---------------+--------------+------------+------------+
; Slack  ; From Node     ; To Node       ; Launch Clock  ; Latch Clock   ; Relationship ; Clock Skew ; Data Delay ;
+--------+---------------+---------------+---------------+---------------+--------------+------------+------------+
; -1.508 ; 7493:inst|16  ; 7493:inst1|15 ; 7493:inst|16  ; 7493:inst1|16 ; 0.000        ; 2.197      ; 0.982      ;
; -1.508 ; 7493:inst|16  ; 7493:inst1|14 ; 7493:inst|16  ; 7493:inst1|16 ; 0.000        ; 2.197      ; 0.982      ;
; -1.008 ; 7493:inst|16  ; 7493:inst1|15 ; 7493:inst|16  ; 7493:inst1|16 ; -0.500       ; 2.197      ; 0.982      ;
; -1.008 ; 7493:inst|16  ; 7493:inst1|14 ; 7493:inst|16  ; 7493:inst1|16 ; -0.500       ; 2.197      ; 0.982      ;
; -0.642 ; 7493:inst|13  ; 7493:inst1|15 ; 7493:inst|16  ; 7493:inst1|16 ; 0.000        ; 1.726      ; 1.236      ;
; -0.642 ; 7493:inst|13  ; 7493:inst1|14 ; 7493:inst|16  ; 7493:inst1|16 ; 0.000        ; 1.726      ; 1.236      ;
; 0.824  ; 7493:inst1|14 ; 7493:inst1|15 ; 7493:inst1|16 ; 7493:inst1|16 ; 0.000        ; 0.000      ; 0.976      ;
; 0.824  ; 7493:inst1|14 ; 7493:inst1|14 ; 7493:inst1|16 ; 7493:inst1|16 ; 0.000        ; 0.000      ; 0.976      ;
; 0.878  ; 7493:inst1|15 ; 7493:inst1|15 ; 7493:inst1|16 ; 7493:inst1|16 ; 0.000        ; 0.000      ; 1.030      ;
; 0.878  ; 7493:inst1|15 ; 7493:inst1|14 ; 7493:inst1|16 ; 7493:inst1|16 ; 0.000        ; 0.000      ; 1.030      ;
+--------+---------------+---------------+---------------+---------------+--------------+------------+------------+


+----------------------------------------------------------------------------------------------------------------+
; Fast Model Removal: '7493:inst|16'                                                                             ;
+--------+---------------+---------------+---------------+--------------+--------------+------------+------------+
; Slack  ; From Node     ; To Node       ; Launch Clock  ; Latch Clock  ; Relationship ; Clock Skew ; Data Delay ;
+--------+---------------+---------------+---------------+--------------+--------------+------------+------------+
; -0.231 ; 7493:inst|16  ; 7493:inst1|16 ; 7493:inst|16  ; 7493:inst|16 ; 0.000        ; 0.920      ; 0.982      ;
; 0.269  ; 7493:inst|16  ; 7493:inst1|16 ; 7493:inst|16  ; 7493:inst|16 ; -0.500       ; 0.920      ; 0.982      ;
; 0.299  ; 7493:inst|16  ; 7493:inst|13  ; 7493:inst|16  ; 7493:inst|16 ; 0.000        ; 0.471      ; 1.063      ;
; 0.299  ; 7493:inst|16  ; 7493:inst|14  ; 7493:inst|16  ; 7493:inst|16 ; 0.000        ; 0.471      ; 1.063      ;
; 0.299  ; 7493:inst|16  ; 7493:inst|15  ; 7493:inst|16  ; 7493:inst|16 ; 0.000        ; 0.471      ; 1.063      ;
; 0.635  ; 7493:inst|13  ; 7493:inst1|16 ; 7493:inst|16  ; 7493:inst|16 ; 0.000        ; 0.449      ; 1.236      ;
; 0.799  ; 7493:inst|16  ; 7493:inst|13  ; 7493:inst|16  ; 7493:inst|16 ; -0.500       ; 0.471      ; 1.063      ;
; 0.799  ; 7493:inst|16  ; 7493:inst|14  ; 7493:inst|16  ; 7493:inst|16 ; -0.500       ; 0.471      ; 1.063      ;
; 0.799  ; 7493:inst|16  ; 7493:inst|15  ; 7493:inst|16  ; 7493:inst|16 ; -0.500       ; 0.471      ; 1.063      ;
; 1.165  ; 7493:inst|13  ; 7493:inst|13  ; 7493:inst|16  ; 7493:inst|16 ; 0.000        ; 0.000      ; 1.317      ;
; 1.165  ; 7493:inst|13  ; 7493:inst|14  ; 7493:inst|16  ; 7493:inst|16 ; 0.000        ; 0.000      ; 1.317      ;
; 1.165  ; 7493:inst|13  ; 7493:inst|15  ; 7493:inst|16  ; 7493:inst|16 ; 0.000        ; 0.000      ; 1.317      ;
; 2.101  ; 7493:inst1|14 ; 7493:inst1|16 ; 7493:inst1|16 ; 7493:inst|16 ; 0.000        ; -1.277     ; 0.976      ;
; 2.155  ; 7493:inst1|15 ; 7493:inst1|16 ; 7493:inst1|16 ; 7493:inst|16 ; 0.000        ; -1.277     ; 1.030      ;
; 2.631  ; 7493:inst1|14 ; 7493:inst|13  ; 7493:inst1|16 ; 7493:inst|16 ; 0.000        ; -1.726     ; 1.057      ;
; 2.631  ; 7493:inst1|14 ; 7493:inst|14  ; 7493:inst1|16 ; 7493:inst|16 ; 0.000        ; -1.726     ; 1.057      ;
; 2.631  ; 7493:inst1|14 ; 7493:inst|15  ; 7493:inst1|16 ; 7493:inst|16 ; 0.000        ; -1.726     ; 1.057      ;
; 2.685  ; 7493:inst1|15 ; 7493:inst|13  ; 7493:inst1|16 ; 7493:inst|16 ; 0.000        ; -1.726     ; 1.111      ;
; 2.685  ; 7493:inst1|15 ; 7493:inst|14  ; 7493:inst1|16 ; 7493:inst|16 ; 0.000        ; -1.726     ; 1.111      ;
; 2.685  ; 7493:inst1|15 ; 7493:inst|15  ; 7493:inst1|16 ; 7493:inst|16 ; 0.000        ; -1.726     ; 1.111      ;
+--------+---------------+---------------+---------------+--------------+--------------+------------+------------+


+--------------------------------------------------------------------------------------------------+
; Fast Model Minimum Pulse Width: 'KEY[0]'                                                         ;
+--------+--------------+----------------+------------------+--------+------------+----------------+
; Slack  ; Actual Width ; Required Width ; Type             ; Clock  ; Clock Edge ; Target         ;
+--------+--------------+----------------+------------------+--------+------------+----------------+
; -1.222 ; 1.000        ; 2.222          ; Port Rate        ; KEY[0] ; Rise       ; KEY[0]         ;
; -0.500 ; 0.500        ; 1.000          ; High Pulse Width ; KEY[0] ; Fall       ; 7493:inst|16   ;
; -0.500 ; 0.500        ; 1.000          ; Low Pulse Width  ; KEY[0] ; Fall       ; 7493:inst|16   ;
; 0.500  ; 0.500        ; 0.000          ; High Pulse Width ; KEY[0] ; Rise       ; KEY[0]|combout ;
; 0.500  ; 0.500        ; 0.000          ; Low Pulse Width  ; KEY[0] ; Rise       ; KEY[0]|combout ;
; 0.500  ; 0.500        ; 0.000          ; High Pulse Width ; KEY[0] ; Fall       ; inst10|combout ;
; 0.500  ; 0.500        ; 0.000          ; Low Pulse Width  ; KEY[0] ; Fall       ; inst10|combout ;
; 0.500  ; 0.500        ; 0.000          ; High Pulse Width ; KEY[0] ; Rise       ; inst10|datad   ;
; 0.500  ; 0.500        ; 0.000          ; Low Pulse Width  ; KEY[0] ; Rise       ; inst10|datad   ;
; 0.500  ; 0.500        ; 0.000          ; High Pulse Width ; KEY[0] ; Fall       ; inst|16|clk    ;
; 0.500  ; 0.500        ; 0.000          ; Low Pulse Width  ; KEY[0] ; Fall       ; inst|16|clk    ;
+--------+--------------+----------------+------------------+--------+------------+----------------+


+--------------------------------------------------------------------------------------------------------+
; Fast Model Minimum Pulse Width: '7493:inst|16'                                                         ;
+--------+--------------+----------------+------------------+--------------+------------+----------------+
; Slack  ; Actual Width ; Required Width ; Type             ; Clock        ; Clock Edge ; Target         ;
+--------+--------------+----------------+------------------+--------------+------------+----------------+
; -0.500 ; 0.500        ; 1.000          ; High Pulse Width ; 7493:inst|16 ; Fall       ; 7493:inst1|16  ;
; -0.500 ; 0.500        ; 1.000          ; Low Pulse Width  ; 7493:inst|16 ; Fall       ; 7493:inst1|16  ;
; -0.500 ; 0.500        ; 1.000          ; High Pulse Width ; 7493:inst|16 ; Fall       ; 7493:inst|13   ;
; -0.500 ; 0.500        ; 1.000          ; Low Pulse Width  ; 7493:inst|16 ; Fall       ; 7493:inst|13   ;
; -0.500 ; 0.500        ; 1.000          ; High Pulse Width ; 7493:inst|16 ; Fall       ; 7493:inst|14   ;
; -0.500 ; 0.500        ; 1.000          ; Low Pulse Width  ; 7493:inst|16 ; Fall       ; 7493:inst|14   ;
; -0.500 ; 0.500        ; 1.000          ; High Pulse Width ; 7493:inst|16 ; Fall       ; 7493:inst|15   ;
; -0.500 ; 0.500        ; 1.000          ; Low Pulse Width  ; 7493:inst|16 ; Fall       ; 7493:inst|15   ;
; 0.500  ; 0.500        ; 0.000          ; High Pulse Width ; 7493:inst|16 ; Fall       ; inst1|16|clk   ;
; 0.500  ; 0.500        ; 0.000          ; Low Pulse Width  ; 7493:inst|16 ; Fall       ; inst1|16|clk   ;
; 0.500  ; 0.500        ; 0.000          ; High Pulse Width ; 7493:inst|16 ; Fall       ; inst2|combout  ;
; 0.500  ; 0.500        ; 0.000          ; Low Pulse Width  ; 7493:inst|16 ; Fall       ; inst2|combout  ;
; 0.500  ; 0.500        ; 0.000          ; High Pulse Width ; 7493:inst|16 ; Rise       ; inst2|dataa    ;
; 0.500  ; 0.500        ; 0.000          ; Low Pulse Width  ; 7493:inst|16 ; Rise       ; inst2|dataa    ;
; 0.500  ; 0.500        ; 0.000          ; High Pulse Width ; 7493:inst|16 ; Rise       ; inst|13|clk    ;
; 0.500  ; 0.500        ; 0.000          ; Low Pulse Width  ; 7493:inst|16 ; Rise       ; inst|13|clk    ;
; 0.500  ; 0.500        ; 0.000          ; High Pulse Width ; 7493:inst|16 ; Rise       ; inst|14|clk    ;
; 0.500  ; 0.500        ; 0.000          ; Low Pulse Width  ; 7493:inst|16 ; Rise       ; inst|14|clk    ;
; 0.500  ; 0.500        ; 0.000          ; High Pulse Width ; 7493:inst|16 ; Rise       ; inst|15|clk    ;
; 0.500  ; 0.500        ; 0.000          ; Low Pulse Width  ; 7493:inst|16 ; Rise       ; inst|15|clk    ;
; 0.500  ; 0.500        ; 0.000          ; High Pulse Width ; 7493:inst|16 ; Rise       ; inst|16|regout ;
; 0.500  ; 0.500        ; 0.000          ; Low Pulse Width  ; 7493:inst|16 ; Rise       ; inst|16|regout ;
+--------+--------------+----------------+------------------+--------------+------------+----------------+


+--------------------------------------------------------------------------------------------------------------------+
; Fast Model Minimum Pulse Width: '7493:inst1|16'                                                                    ;
+--------+--------------+----------------+------------------+---------------+------------+---------------------------+
; Slack  ; Actual Width ; Required Width ; Type             ; Clock         ; Clock Edge ; Target                    ;
+--------+--------------+----------------+------------------+---------------+------------+---------------------------+
; -0.500 ; 0.500        ; 1.000          ; High Pulse Width ; 7493:inst1|16 ; Fall       ; 7493:inst1|14             ;
; -0.500 ; 0.500        ; 1.000          ; Low Pulse Width  ; 7493:inst1|16 ; Fall       ; 7493:inst1|14             ;
; -0.500 ; 0.500        ; 1.000          ; High Pulse Width ; 7493:inst1|16 ; Fall       ; 7493:inst1|15             ;
; -0.500 ; 0.500        ; 1.000          ; Low Pulse Width  ; 7493:inst1|16 ; Fall       ; 7493:inst1|15             ;
; 0.500  ; 0.500        ; 0.000          ; High Pulse Width ; 7493:inst1|16 ; Rise       ; inst1|14|clk              ;
; 0.500  ; 0.500        ; 0.000          ; Low Pulse Width  ; 7493:inst1|16 ; Rise       ; inst1|14|clk              ;
; 0.500  ; 0.500        ; 0.000          ; High Pulse Width ; 7493:inst1|16 ; Rise       ; inst1|15|clk              ;
; 0.500  ; 0.500        ; 0.000          ; Low Pulse Width  ; 7493:inst1|16 ; Rise       ; inst1|15|clk              ;
; 0.500  ; 0.500        ; 0.000          ; High Pulse Width ; 7493:inst1|16 ; Rise       ; inst1|16|regout           ;
; 0.500  ; 0.500        ; 0.000          ; Low Pulse Width  ; 7493:inst1|16 ; Rise       ; inst1|16|regout           ;
; 0.500  ; 0.500        ; 0.000          ; High Pulse Width ; 7493:inst1|16 ; Rise       ; inst1|16~clkctrl|inclk[0] ;
; 0.500  ; 0.500        ; 0.000          ; Low Pulse Width  ; 7493:inst1|16 ; Rise       ; inst1|16~clkctrl|inclk[0] ;
; 0.500  ; 0.500        ; 0.000          ; High Pulse Width ; 7493:inst1|16 ; Rise       ; inst1|16~clkctrl|outclk   ;
; 0.500  ; 0.500        ; 0.000          ; Low Pulse Width  ; 7493:inst1|16 ; Rise       ; inst1|16~clkctrl|outclk   ;
+--------+--------------+----------------+------------------+---------------+------------+---------------------------+


+--------------------------------------------------------------------------+
; Clock to Output Times                                                    ;
+-----------+---------------+-------+-------+------------+-----------------+
; Data Port ; Clock Port    ; Rise  ; Fall  ; Clock Edge ; Clock Reference ;
+-----------+---------------+-------+-------+------------+-----------------+
; OLEDR[*]  ; 7493:inst1|16 ; 2.010 ;       ; Rise       ; 7493:inst1|16   ;
;  OLEDR[4] ; 7493:inst1|16 ; 2.010 ;       ; Rise       ; 7493:inst1|16   ;
; OLEDR[*]  ; 7493:inst1|16 ; 4.299 ; 4.299 ; Fall       ; 7493:inst1|16   ;
;  OLEDR[4] ; 7493:inst1|16 ;       ; 2.010 ; Fall       ; 7493:inst1|16   ;
;  OLEDR[5] ; 7493:inst1|16 ; 4.206 ; 4.206 ; Fall       ; 7493:inst1|16   ;
;  OLEDR[6] ; 7493:inst1|16 ; 4.299 ; 4.299 ; Fall       ; 7493:inst1|16   ;
; OLEDR[*]  ; 7493:inst|16  ; 2.080 ;       ; Rise       ; 7493:inst|16    ;
;  OLEDR[0] ; 7493:inst|16  ; 2.080 ;       ; Rise       ; 7493:inst|16    ;
; OLEDR[*]  ; 7493:inst|16  ; 2.595 ; 2.595 ; Fall       ; 7493:inst|16    ;
;  OLEDR[0] ; 7493:inst|16  ;       ; 2.080 ; Fall       ; 7493:inst|16    ;
;  OLEDR[1] ; 7493:inst|16  ; 2.479 ; 2.479 ; Fall       ; 7493:inst|16    ;
;  OLEDR[2] ; 7493:inst|16  ; 2.478 ; 2.478 ; Fall       ; 7493:inst|16    ;
;  OLEDR[3] ; 7493:inst|16  ; 2.595 ; 2.595 ; Fall       ; 7493:inst|16    ;
+-----------+---------------+-------+-------+------------+-----------------+


+--------------------------------------------------------------------------+
; Minimum Clock to Output Times                                            ;
+-----------+---------------+-------+-------+------------+-----------------+
; Data Port ; Clock Port    ; Rise  ; Fall  ; Clock Edge ; Clock Reference ;
+-----------+---------------+-------+-------+------------+-----------------+
; OLEDR[*]  ; 7493:inst1|16 ; 2.010 ;       ; Rise       ; 7493:inst1|16   ;
;  OLEDR[4] ; 7493:inst1|16 ; 2.010 ;       ; Rise       ; 7493:inst1|16   ;
; OLEDR[*]  ; 7493:inst1|16 ; 4.206 ; 2.010 ; Fall       ; 7493:inst1|16   ;
;  OLEDR[4] ; 7493:inst1|16 ;       ; 2.010 ; Fall       ; 7493:inst1|16   ;
;  OLEDR[5] ; 7493:inst1|16 ; 4.206 ; 4.206 ; Fall       ; 7493:inst1|16   ;
;  OLEDR[6] ; 7493:inst1|16 ; 4.299 ; 4.299 ; Fall       ; 7493:inst1|16   ;
; OLEDR[*]  ; 7493:inst|16  ; 2.080 ;       ; Rise       ; 7493:inst|16    ;
;  OLEDR[0] ; 7493:inst|16  ; 2.080 ;       ; Rise       ; 7493:inst|16    ;
; OLEDR[*]  ; 7493:inst|16  ; 2.478 ; 2.080 ; Fall       ; 7493:inst|16    ;
;  OLEDR[0] ; 7493:inst|16  ;       ; 2.080 ; Fall       ; 7493:inst|16    ;
;  OLEDR[1] ; 7493:inst|16  ; 2.479 ; 2.479 ; Fall       ; 7493:inst|16    ;
;  OLEDR[2] ; 7493:inst|16  ; 2.478 ; 2.478 ; Fall       ; 7493:inst|16    ;
;  OLEDR[3] ; 7493:inst|16  ; 2.595 ; 2.595 ; Fall       ; 7493:inst|16    ;
+-----------+---------------+-------+-------+------------+-----------------+


+-------------------------------------------------------------------------------+
; Multicorner Timing Analysis Summary                                           ;
+------------------+--------+--------+----------+---------+---------------------+
; Clock            ; Setup  ; Hold   ; Recovery ; Removal ; Minimum Pulse Width ;
+------------------+--------+--------+----------+---------+---------------------+
; Worst-case Slack ; -0.037 ; -5.557 ; -4.005   ; -4.165  ; -1.222              ;
;  7493:inst1|16   ; 0.235  ; 0.215  ; -0.924   ; -2.381  ; -0.500              ;
;  7493:inst|16    ; -0.037 ; -1.735 ; -4.005   ; -0.526  ; -0.500              ;
;  KEY[0]          ; 3.317  ; -5.557 ; 0.735    ; -4.165  ; -1.222              ;
; Design-wide TNS  ; -0.037 ; -7.292 ; -16.642  ; -9.453  ; -8.222              ;
;  7493:inst1|16   ; 0.000  ; 0.000  ; -1.848   ; -4.762  ; -2.000              ;
;  7493:inst|16    ; -0.037 ; -1.735 ; -14.794  ; -0.526  ; -4.000              ;
;  KEY[0]          ; 0.000  ; -5.557 ; 0.000    ; -4.165  ; -2.222              ;
+------------------+--------+--------+----------+---------+---------------------+


+--------------------------------------------------------------------------+
; Clock to Output Times                                                    ;
+-----------+---------------+-------+-------+------------+-----------------+
; Data Port ; Clock Port    ; Rise  ; Fall  ; Clock Edge ; Clock Reference ;
+-----------+---------------+-------+-------+------------+-----------------+
; OLEDR[*]  ; 7493:inst1|16 ; 3.735 ;       ; Rise       ; 7493:inst1|16   ;
;  OLEDR[4] ; 7493:inst1|16 ; 3.735 ;       ; Rise       ; 7493:inst1|16   ;
; OLEDR[*]  ; 7493:inst1|16 ; 7.647 ; 7.647 ; Fall       ; 7493:inst1|16   ;
;  OLEDR[4] ; 7493:inst1|16 ;       ; 3.735 ; Fall       ; 7493:inst1|16   ;
;  OLEDR[5] ; 7493:inst1|16 ; 7.435 ; 7.435 ; Fall       ; 7493:inst1|16   ;
;  OLEDR[6] ; 7493:inst1|16 ; 7.647 ; 7.647 ; Fall       ; 7493:inst1|16   ;
; OLEDR[*]  ; 7493:inst|16  ; 3.928 ;       ; Rise       ; 7493:inst|16    ;
;  OLEDR[0] ; 7493:inst|16  ; 3.928 ;       ; Rise       ; 7493:inst|16    ;
; OLEDR[*]  ; 7493:inst|16  ; 4.787 ; 4.787 ; Fall       ; 7493:inst|16    ;
;  OLEDR[0] ; 7493:inst|16  ;       ; 3.928 ; Fall       ; 7493:inst|16    ;
;  OLEDR[1] ; 7493:inst|16  ; 4.535 ; 4.535 ; Fall       ; 7493:inst|16    ;
;  OLEDR[2] ; 7493:inst|16  ; 4.533 ; 4.533 ; Fall       ; 7493:inst|16    ;
;  OLEDR[3] ; 7493:inst|16  ; 4.787 ; 4.787 ; Fall       ; 7493:inst|16    ;
+-----------+---------------+-------+-------+------------+-----------------+


+--------------------------------------------------------------------------+
; Minimum Clock to Output Times                                            ;
+-----------+---------------+-------+-------+------------+-----------------+
; Data Port ; Clock Port    ; Rise  ; Fall  ; Clock Edge ; Clock Reference ;
+-----------+---------------+-------+-------+------------+-----------------+
; OLEDR[*]  ; 7493:inst1|16 ; 2.010 ;       ; Rise       ; 7493:inst1|16   ;
;  OLEDR[4] ; 7493:inst1|16 ; 2.010 ;       ; Rise       ; 7493:inst1|16   ;
; OLEDR[*]  ; 7493:inst1|16 ; 4.206 ; 2.010 ; Fall       ; 7493:inst1|16   ;
;  OLEDR[4] ; 7493:inst1|16 ;       ; 2.010 ; Fall       ; 7493:inst1|16   ;
;  OLEDR[5] ; 7493:inst1|16 ; 4.206 ; 4.206 ; Fall       ; 7493:inst1|16   ;
;  OLEDR[6] ; 7493:inst1|16 ; 4.299 ; 4.299 ; Fall       ; 7493:inst1|16   ;
; OLEDR[*]  ; 7493:inst|16  ; 2.080 ;       ; Rise       ; 7493:inst|16    ;
;  OLEDR[0] ; 7493:inst|16  ; 2.080 ;       ; Rise       ; 7493:inst|16    ;
; OLEDR[*]  ; 7493:inst|16  ; 2.478 ; 2.080 ; Fall       ; 7493:inst|16    ;
;  OLEDR[0] ; 7493:inst|16  ;       ; 2.080 ; Fall       ; 7493:inst|16    ;
;  OLEDR[1] ; 7493:inst|16  ; 2.479 ; 2.479 ; Fall       ; 7493:inst|16    ;
;  OLEDR[2] ; 7493:inst|16  ; 2.478 ; 2.478 ; Fall       ; 7493:inst|16    ;
;  OLEDR[3] ; 7493:inst|16  ; 2.595 ; 2.595 ; Fall       ; 7493:inst|16    ;
+-----------+---------------+-------+-------+------------+-----------------+


+---------------------------------------------------------------------------+
; Setup Transfers                                                           ;
+---------------+---------------+----------+----------+----------+----------+
; From Clock    ; To Clock      ; RR Paths ; FR Paths ; RF Paths ; FF Paths ;
+---------------+---------------+----------+----------+----------+----------+
; 7493:inst1|16 ; 7493:inst1|16 ; 0        ; 0        ; 0        ; 3        ;
; 7493:inst1|16 ; 7493:inst|16  ; 0        ; 0        ; 1        ; 1        ;
; 7493:inst|16  ; 7493:inst|16  ; 0        ; 0        ; 0        ; 6        ;
; 7493:inst|16  ; KEY[0]        ; 0        ; 0        ; 1        ; 1        ;
+---------------+---------------+----------+----------+----------+----------+
Entries labeled "false path" only account for clock-to-clock false paths and not path-based false paths. As a result, actual path counts may be lower than reported.


+---------------------------------------------------------------------------+
; Hold Transfers                                                            ;
+---------------+---------------+----------+----------+----------+----------+
; From Clock    ; To Clock      ; RR Paths ; FR Paths ; RF Paths ; FF Paths ;
+---------------+---------------+----------+----------+----------+----------+
; 7493:inst1|16 ; 7493:inst1|16 ; 0        ; 0        ; 0        ; 3        ;
; 7493:inst1|16 ; 7493:inst|16  ; 0        ; 0        ; 1        ; 1        ;
; 7493:inst|16  ; 7493:inst|16  ; 0        ; 0        ; 0        ; 6        ;
; 7493:inst|16  ; KEY[0]        ; 0        ; 0        ; 1        ; 1        ;
+---------------+---------------+----------+----------+----------+----------+
Entries labeled "false path" only account for clock-to-clock false paths and not path-based false paths. As a result, actual path counts may be lower than reported.


+---------------------------------------------------------------------------+
; Recovery Transfers                                                        ;
+---------------+---------------+----------+----------+----------+----------+
; From Clock    ; To Clock      ; RR Paths ; FR Paths ; RF Paths ; FF Paths ;
+---------------+---------------+----------+----------+----------+----------+
; 7493:inst1|16 ; 7493:inst1|16 ; 0        ; 0        ; 0        ; 4        ;
; 7493:inst|16  ; 7493:inst1|16 ; 0        ; 0        ; 2        ; 4        ;
; 7493:inst1|16 ; 7493:inst|16  ; 0        ; 0        ; 0        ; 8        ;
; 7493:inst|16  ; 7493:inst|16  ; 0        ; 0        ; 4        ; 8        ;
; 7493:inst1|16 ; KEY[0]        ; 0        ; 0        ; 0        ; 2        ;
; 7493:inst|16  ; KEY[0]        ; 0        ; 0        ; 1        ; 2        ;
+---------------+---------------+----------+----------+----------+----------+
Entries labeled "false path" only account for clock-to-clock false paths and not path-based false paths. As a result, actual path counts may be lower than reported.


+---------------------------------------------------------------------------+
; Removal Transfers                                                         ;
+---------------+---------------+----------+----------+----------+----------+
; From Clock    ; To Clock      ; RR Paths ; FR Paths ; RF Paths ; FF Paths ;
+---------------+---------------+----------+----------+----------+----------+
; 7493:inst1|16 ; 7493:inst1|16 ; 0        ; 0        ; 0        ; 4        ;
; 7493:inst|16  ; 7493:inst1|16 ; 0        ; 0        ; 2        ; 4        ;
; 7493:inst1|16 ; 7493:inst|16  ; 0        ; 0        ; 0        ; 8        ;
; 7493:inst|16  ; 7493:inst|16  ; 0        ; 0        ; 4        ; 8        ;
; 7493:inst1|16 ; KEY[0]        ; 0        ; 0        ; 0        ; 2        ;
; 7493:inst|16  ; KEY[0]        ; 0        ; 0        ; 1        ; 2        ;
+---------------+---------------+----------+----------+----------+----------+
Entries labeled "false path" only account for clock-to-clock false paths and not path-based false paths. As a result, actual path counts may be lower than reported.


---------------
; Report TCCS ;
---------------
No dedicated SERDES Transmitter circuitry present in device or used in design


---------------
; Report RSKM ;
---------------
No dedicated SERDES Receiver circuitry present in device or used in design


+------------------------------------------------+
; Unconstrained Paths                            ;
+---------------------------------+-------+------+
; Property                        ; Setup ; Hold ;
+---------------------------------+-------+------+
; Illegal Clocks                  ; 0     ; 0    ;
; Unconstrained Clocks            ; 0     ; 0    ;
; Unconstrained Input Ports       ; 0     ; 0    ;
; Unconstrained Input Port Paths  ; 0     ; 0    ;
; Unconstrained Output Ports      ; 7     ; 7    ;
; Unconstrained Output Port Paths ; 7     ; 7    ;
+---------------------------------+-------+------+


+------------------------------------+
; TimeQuest Timing Analyzer Messages ;
+------------------------------------+
Info: *******************************************************************
Info: Running Quartus II 64-Bit TimeQuest Timing Analyzer
    Info: Version 13.0.1 Build 232 06/12/2013 Service Pack 1 SJ Web Edition
    Info: Processing started: Fri Dec 16 00:17:56 2016
Info: Command: quartus_sta licznik7943 -c licznik7943
Info: qsta_default_script.tcl version: #1
Warning (20028): Parallel compilation is not licensed and has been disabled
Info (21077): Low junction temperature is 0 degrees C
Info (21077): High junction temperature is 85 degrees C
Critical Warning (332012): Synopsys Design Constraints File file not found: 'licznik7943.sdc'. A Synopsys Design Constraints File is required by the TimeQuest Timing Analyzer to get proper timing constraints. Without it, the Compiler will not properly optimize the design.
Info (332142): No user constrained base clocks found in the design. Calling "derive_clocks -period 1.0"
Info (332105): Deriving Clocks
    Info (332105): create_clock -period 1.000 -name 7493:inst1|16 7493:inst1|16
    Info (332105): create_clock -period 1.000 -name KEY[0] KEY[0]
    Info (332105): create_clock -period 1.000 -name 7493:inst|16 7493:inst|16
Info: Found TIMEQUEST_REPORT_SCRIPT_INCLUDE_DEFAULT_ANALYSIS = ON
Info: Analyzing Slow Model
Critical Warning (332148): Timing requirements not met
Info (332146): Worst-case setup slack is -0.037
    Info (332119):     Slack End Point TNS Clock 
    Info (332119): ========= ============= =====================
    Info (332119):    -0.037        -0.037 7493:inst|16 
    Info (332119):     0.235         0.000 7493:inst1|16 
    Info (332119):     5.827         0.000 KEY[0] 
Info (332146): Worst-case hold slack is -5.557
    Info (332119):     Slack End Point TNS Clock 
    Info (332119): ========= ============= =====================
    Info (332119):    -5.557        -5.557 KEY[0] 
    Info (332119):    -1.735        -1.735 7493:inst|16 
    Info (332119):     0.391         0.000 7493:inst1|16 
Info (332146): Worst-case recovery slack is -4.005
    Info (332119):     Slack End Point TNS Clock 
    Info (332119): ========= ============= =====================
    Info (332119):    -4.005       -14.794 7493:inst|16 
    Info (332119):    -0.924        -1.848 7493:inst1|16 
    Info (332119):     0.860         0.000 KEY[0] 
Info (332146): Worst-case removal slack is -4.165
    Info (332119):     Slack End Point TNS Clock 
    Info (332119): ========= ============= =====================
    Info (332119):    -4.165        -4.165 KEY[0] 
    Info (332119):    -2.381        -4.762 7493:inst1|16 
    Info (332119):    -0.526        -0.526 7493:inst|16 
Info (332146): Worst-case minimum pulse width slack is -1.222
    Info (332119):     Slack End Point TNS Clock 
    Info (332119): ========= ============= =====================
    Info (332119):    -1.222        -2.222 KEY[0] 
    Info (332119):    -0.500        -4.000 7493:inst|16 
    Info (332119):    -0.500        -2.000 7493:inst1|16 
Info (332001): The selected device family is not supported by the report_metastability command.
Info: Analyzing Fast Model
Info (332146): Worst-case setup slack is 0.518
    Info (332119):     Slack End Point TNS Clock 
    Info (332119): ========= ============= =====================
    Info (332119):     0.518         0.000 7493:inst|16 
    Info (332119):     0.634         0.000 7493:inst1|16 
    Info (332119):     3.317         0.000 KEY[0] 
Critical Warning (332148): Timing requirements not met
Info (332146): Worst-case hold slack is -2.937
    Info (332119):     Slack End Point TNS Clock 
    Info (332119): ========= ============= =====================
    Info (332119):    -2.937        -2.937 KEY[0] 
    Info (332119):    -0.846        -0.846 7493:inst|16 
    Info (332119):     0.215         0.000 7493:inst1|16 
Info (332146): Worst-case recovery slack is -1.805
    Info (332119):     Slack End Point TNS Clock 
    Info (332119): ========= ============= =====================
    Info (332119):    -1.805        -6.690 7493:inst|16 
    Info (332119):     0.002         0.000 7493:inst1|16 
    Info (332119):     0.735         0.000 KEY[0] 
Info (332146): Worst-case removal slack is -2.241
    Info (332119):     Slack End Point TNS Clock 
    Info (332119): ========= ============= =====================
    Info (332119):    -2.241        -2.241 KEY[0] 
    Info (332119):    -1.508        -3.016 7493:inst1|16 
    Info (332119):    -0.231        -0.231 7493:inst|16 
Info (332146): Worst-case minimum pulse width slack is -1.222
    Info (332119):     Slack End Point TNS Clock 
    Info (332119): ========= ============= =====================
    Info (332119):    -1.222        -2.222 KEY[0] 
    Info (332119):    -0.500        -4.000 7493:inst|16 
    Info (332119):    -0.500        -2.000 7493:inst1|16 
Info (332001): The selected device family is not supported by the report_metastability command.
Info (332102): Design is not fully constrained for setup requirements
Info (332102): Design is not fully constrained for hold requirements
Info: Quartus II 64-Bit TimeQuest Timing Analyzer was successful. 0 errors, 4 warnings
    Info: Peak virtual memory: 432 megabytes
    Info: Processing ended: Fri Dec 16 00:17:57 2016
    Info: Elapsed time: 00:00:01
    Info: Total CPU time (on all processors): 00:00:00


